<?xml version="1.0" encoding="UTF-8"?>
<testng-results ignored="0" total="2" passed="2" failed="0" skipped="0">
  <reporter-output>
  </reporter-output>
  <suite started-at="2025-07-24T18:10:31 IST" name="Default suite" finished-at="2025-07-24T18:10:39 IST" duration-ms="7209">
    <groups>
    </groups>
    <test started-at="2025-07-24T18:10:31 IST" name="Default test" finished-at="2025-07-24T18:10:39 IST" duration-ms="7209">
      <class name="tests.LoginTests">
        <test-method is-config="true" signature="setupReport()[pri:0, instance:tests.LoginTests@1fa121e2]" started-at="2025-07-24T18:10:31 IST" name="setupReport" finished-at="2025-07-24T18:10:31 IST" duration-ms="184" status="PASS">
          <reporter-output>
          </reporter-output>
        </test-method> <!-- setupReport -->
        <test-method is-config="true" signature="setUp(java.lang.reflect.Method)[pri:0, instance:tests.LoginTests@1fa121e2]" started-at="2025-07-24T18:10:31 IST" name="setUp" finished-at="2025-07-24T18:10:35 IST" duration-ms="3418" status="PASS">
          <params>
            <param index="0">
              <value>
                <![CDATA[public void tests.LoginTests.invalidLoginTest()]]>
              </value>
            </param>
          </params>
          <reporter-output>
          </reporter-output>
        </test-method> <!-- setUp -->
        <test-method signature="invalidLoginTest()[pri:0, instance:tests.LoginTests@1fa121e2]" started-at="2025-07-24T18:10:35 IST" name="invalidLoginTest" finished-at="2025-07-24T18:10:35 IST" duration-ms="296" status="PASS">
          <reporter-output>
          </reporter-output>
        </test-method> <!-- invalidLoginTest -->
        <test-method is-config="true" signature="tearDown()[pri:0, instance:tests.LoginTests@1fa121e2]" started-at="2025-07-24T18:10:35 IST" name="tearDown" finished-at="2025-07-24T18:10:35 IST" duration-ms="120" status="PASS">
          <reporter-output>
          </reporter-output>
        </test-method> <!-- tearDown -->
        <test-method is-config="true" signature="setUp(java.lang.reflect.Method)[pri:0, instance:tests.LoginTests@1fa121e2]" started-at="2025-07-24T18:10:35 IST" name="setUp" finished-at="2025-07-24T18:10:38 IST" duration-ms="2915" status="PASS">
          <params>
            <param index="0">
              <value>
                <![CDATA[public void tests.LoginTests.validLoginTest()]]>
              </value>
            </param>
          </params>
          <reporter-output>
          </reporter-output>
        </test-method> <!-- setUp -->
        <test-method signature="validLoginTest()[pri:0, instance:tests.LoginTests@1fa121e2]" started-at="2025-07-24T18:10:38 IST" name="validLoginTest" finished-at="2025-07-24T18:10:39 IST" duration-ms="319" status="PASS">
          <reporter-output>
          </reporter-output>
        </test-method> <!-- validLoginTest -->
        <test-method is-config="true" signature="tearDown()[pri:0, instance:tests.LoginTests@1fa121e2]" started-at="2025-07-24T18:10:39 IST" name="tearDown" finished-at="2025-07-24T18:10:39 IST" duration-ms="117" status="PASS">
          <reporter-output>
          </reporter-output>
        </test-method> <!-- tearDown -->
        <test-method is-config="true" signature="tearDownReport()[pri:0, instance:tests.LoginTests@1fa121e2]" started-at="2025-07-24T18:10:39 IST" name="tearDownReport" finished-at="2025-07-24T18:10:39 IST" duration-ms="239" status="PASS">
          <reporter-output>
          </reporter-output>
        </test-method> <!-- tearDownReport -->
      </class> <!-- tests.LoginTests -->
    </test> <!-- Default test -->
  </suite> <!-- Default suite -->
</testng-results>
